01/02/2009 20:57:52 (Std) 	+-+-+-+-+-+-+-+-+-+-+-+-+-+-+-+-+-+-+-+-+-+-+-+-+-+-+-+-+-+-+-+-+-+-+-+-+-+-+-+
01/02/2009 20:57:52 (Std) 	+                     Crazy Eddie's GUI System - Event log                    +
01/02/2009 20:57:52 (Std) 	+                          (http://www.cegui.org.uk/)                         +
01/02/2009 20:57:52 (Std) 	+-+-+-+-+-+-+-+-+-+-+-+-+-+-+-+-+-+-+-+-+-+-+-+-+-+-+-+-+-+-+-+-+-+-+-+-+-+-+-+

01/02/2009 20:57:52 (Std) 	CEGUI::Logger singleton created. (009E5918)
01/02/2009 20:57:52 (Std) 	---- Begining CEGUI System initialisation ----
01/02/2009 20:57:52 (Std) 	CEGUI::ImagesetManager singleton created (009FDCC8)
01/02/2009 20:57:52 (Std) 	CEGUI::FontManager singleton created. (009FDD90)
01/02/2009 20:57:52 (Std) 	CEGUI::WindowFactoryManager singleton created
01/02/2009 20:57:52 (Std) 	CEGUI::WindowManager singleton created (00A00EF8)
01/02/2009 20:57:52 (Std) 	CEGUI::SchemeManager singleton created. (00A00FE0)
01/02/2009 20:57:52 (Std) 	CEGUI::MouseCursor singleton created. (009FD710)
01/02/2009 20:57:52 (Std) 	CEGUI::GlobalEventSet singleton created. (00A011C0)
01/02/2009 20:57:52 (Std) 	CEGUI::WidgetLookManager singleton created. (00A01298)
01/02/2009 20:57:52 (Std) 	CEGUI::WindowRendererManager singleton created (00A01468)
01/02/2009 20:57:52 (Std) 	WindowFactory for 'DefaultWindow' windows added. (10192DF0)
01/02/2009 20:57:52 (Std) 	WindowFactory for 'DragContainer' windows added. (10192E90)
01/02/2009 20:57:52 (Std) 	WindowFactory for 'ScrolledContainer' windows added. (10192F30)
01/02/2009 20:57:52 (Std) 	WindowFactory for 'ClippedContainer' windows added. (10192FD0)
01/02/2009 20:57:52 (Std) 	WindowFactory for 'CEGUI/Checkbox' windows added. (10193070)
01/02/2009 20:57:52 (Std) 	WindowFactory for 'CEGUI/PushButton' windows added. (101939D0)
01/02/2009 20:57:52 (Std) 	WindowFactory for 'CEGUI/RadioButton' windows added. (10193A70)
01/02/2009 20:57:52 (Std) 	WindowFactory for 'CEGUI/Combobox' windows added. (101931B0)
01/02/2009 20:57:52 (Std) 	WindowFactory for 'CEGUI/ComboDropList' windows added. (10193110)
01/02/2009 20:57:52 (Std) 	WindowFactory for 'CEGUI/Editbox' windows added. (10193250)
01/02/2009 20:57:52 (Std) 	WindowFactory for 'CEGUI/FrameWindow' windows added. (101932F0)
01/02/2009 20:57:52 (Std) 	WindowFactory for 'CEGUI/ItemEntry' windows added. (10193390)
01/02/2009 20:57:52 (Std) 	WindowFactory for 'CEGUI/Listbox' windows added. (10193570)
01/02/2009 20:57:52 (Std) 	WindowFactory for 'CEGUI/ListHeader' windows added. (10193430)
01/02/2009 20:57:52 (Std) 	WindowFactory for 'CEGUI/ListHeaderSegment' windows added. (101934D0)
01/02/2009 20:57:52 (Std) 	WindowFactory for 'CEGUI/Menubar' windows added. (101936B0)
01/02/2009 20:57:52 (Std) 	WindowFactory for 'CEGUI/PopupMenu' windows added. (10193890)
01/02/2009 20:57:52 (Std) 	WindowFactory for 'CEGUI/MenuItem' windows added. (10193610)
01/02/2009 20:57:52 (Std) 	WindowFactory for 'CEGUI/MultiColumnList' windows added. (10193750)
01/02/2009 20:57:52 (Std) 	WindowFactory for 'CEGUI/MultiLineEditbox' windows added. (101937F0)
01/02/2009 20:57:52 (Std) 	WindowFactory for 'CEGUI/ProgressBar' windows added. (10193930)
01/02/2009 20:57:52 (Std) 	WindowFactory for 'CEGUI/ScrollablePane' windows added. (10193B10)
01/02/2009 20:57:52 (Std) 	WindowFactory for 'CEGUI/Scrollbar' windows added. (10193BB0)
01/02/2009 20:57:52 (Std) 	WindowFactory for 'CEGUI/Slider' windows added. (10193C50)
01/02/2009 20:57:52 (Std) 	WindowFactory for 'CEGUI/Spinner' windows added. (10193CF0)
01/02/2009 20:57:52 (Std) 	WindowFactory for 'CEGUI/TabButton' windows added. (10193D90)
01/02/2009 20:57:52 (Std) 	WindowFactory for 'CEGUI/TabControl' windows added. (10193E30)
01/02/2009 20:57:52 (Std) 	WindowFactory for 'CEGUI/Thumb' windows added. (10193ED0)
01/02/2009 20:57:52 (Std) 	WindowFactory for 'CEGUI/Titlebar' windows added. (10193F70)
01/02/2009 20:57:52 (Std) 	WindowFactory for 'CEGUI/Tooltip' windows added. (10194010)
01/02/2009 20:57:52 (Std) 	WindowFactory for 'CEGUI/ItemListbox' windows added. (101940B0)
01/02/2009 20:57:52 (Std) 	WindowFactory for 'CEGUI/GroupBox' windows added. (10194150)
01/02/2009 20:57:52 (Std) 	WindowFactory for 'CEGUI/Tree' windows added. (101941F0)
01/02/2009 20:57:52 (Std) 	Window type alias named 'DefaultGUISheet' added for window type 'DefaultWindow'.
01/02/2009 20:57:52 (Std) 	CEGUI::System singleton created. (00AF07A0)
01/02/2009 20:57:52 (Std) 	---- CEGUI System initialisation completed ----
01/02/2009 20:57:52 (Std) 	---- Version 0.6.2 ----
01/02/2009 20:57:52 (Std) 	---- Renderer module is: CEGUI::OpenGLRenderer - Official OpenGL based renderer module for CEGUI ----
01/02/2009 20:57:52 (Std) 	---- XML Parser module is: CEGUI::ExpatParser - Official expat based parser module for CEGUI ----
01/02/2009 20:57:52 (Std) 	---- Scripting module is: None ----
01/02/2009 20:57:52 (Std) 	Attempting to load Scheme from file 'WindowsLook.scheme'.
01/02/2009 20:57:52 (Error)	CEGUI::InvalidRequestException in file \Temp\CEGUI-0.6.2-vc7\src\CEGUIDefaultResourceProvider.cpp(54) : DefaultResourceProvider::load - WindowsLook.scheme does not exist
01/02/2009 20:57:52 (Error)	Scheme::Scheme - loading of Scheme from file 'WindowsLook.scheme' failed.
